[0.008s] Invoking command in '/home/tom/dev_ws/build/turtlesim': CMAKE_PREFIX_PATH=/opt/ros/foxy /usr/bin/cmake /home/tom/dev_ws/src/ros_tutorials/turtlesim -DCMAKE_INSTALL_PREFIX=/home/tom/dev_ws/install/turtlesim
[0.052s] -- The C compiler identification is GNU 9.3.0
[0.115s] -- The CXX compiler identification is GNU 9.3.0
[0.119s] -- Check for working C compiler: /usr/bin/cc
[0.162s] -- Check for working C compiler: /usr/bin/cc -- works
[0.163s] -- Detecting C compiler ABI info
[0.207s] -- Detecting C compiler ABI info - done
[0.216s] -- Detecting C compile features
[0.217s] -- Detecting C compile features - done
[0.219s] -- Check for working CXX compiler: /usr/bin/c++
[0.277s] -- Check for working CXX compiler: /usr/bin/c++ -- works
[0.277s] -- Detecting CXX compiler ABI info
[0.328s] -- Detecting CXX compiler ABI info - done
[0.337s] -- Detecting CXX compile features
[0.337s] -- Detecting CXX compile features - done
[0.339s] -- Found ament_cmake: 0.9.9 (/opt/ros/foxy/share/ament_cmake/cmake)
[0.358s] -- Found PythonInterp: /usr/bin/python3 (found suitable version "3.8.10", minimum required is "3") 
[0.358s] -- Using PYTHON_EXECUTABLE: /usr/bin/python3
[0.533s] -- Found ament_index_cpp: 1.1.0 (/opt/ros/foxy/share/ament_index_cpp/cmake)
[0.535s] -- Found geometry_msgs: 2.0.4 (/opt/ros/foxy/share/geometry_msgs/cmake)
[0.553s] -- Using all available rosidl_typesupport_c: rosidl_typesupport_fastrtps_c;rosidl_typesupport_introspection_c
[0.556s] -- Found rosidl_adapter: 1.2.1 (/opt/ros/foxy/share/rosidl_adapter/cmake)
[0.597s] -- Found OpenSSL: /usr/lib/x86_64-linux-gnu/libcrypto.so (found version "1.1.1f")  
[0.613s] -- Found FastRTPS: /opt/ros/foxy/include  
[0.660s] -- Using all available rosidl_typesupport_cpp: rosidl_typesupport_fastrtps_cpp;rosidl_typesupport_introspection_cpp
[0.728s] -- Found rclcpp: 2.4.0 (/opt/ros/foxy/share/rclcpp/cmake)
[0.755s] -- Found rmw_implementation_cmake: 1.0.3 (/opt/ros/foxy/share/rmw_implementation_cmake/cmake)
[0.756s] -- Using RMW implementation 'rmw_fastrtps_cpp' as default
[0.757s] -- Looking for pthread.h
[0.801s] -- Looking for pthread.h - found
[0.801s] -- Performing Test CMAKE_HAVE_LIBC_PTHREAD
[0.845s] -- Performing Test CMAKE_HAVE_LIBC_PTHREAD - Failed
[0.846s] -- Looking for pthread_create in pthreads
[0.879s] -- Looking for pthread_create in pthreads - not found
[0.879s] -- Looking for pthread_create in pthread
[0.921s] -- Looking for pthread_create in pthread - found
[0.921s] -- Found Threads: TRUE  
[1.018s] -- Found rclcpp_action: 2.4.0 (/opt/ros/foxy/share/rclcpp_action/cmake)
[1.069s] -- Found rosidl_default_generators: 1.0.1 (/opt/ros/foxy/share/rosidl_default_generators/cmake)
[1.076s] -- Found std_srvs: 2.0.4 (/opt/ros/foxy/share/std_srvs/cmake)
[1.099s] -- Found PythonInterp: /usr/bin/python3 (found version "3.8.10") 
[1.223s] -- Found ament_cmake_ros: 0.9.2 (/opt/ros/foxy/share/ament_cmake_ros/cmake)
[1.300s] -- Using all available rosidl_typesupport_c: rosidl_typesupport_fastrtps_c;rosidl_typesupport_introspection_c
[1.315s] -- Using all available rosidl_typesupport_cpp: rosidl_typesupport_fastrtps_cpp;rosidl_typesupport_introspection_cpp
[1.333s] -- Found PythonInterp: /usr/bin/python3 (found suitable version "3.8.10", minimum required is "3.5") 
[1.334s] -- Found python_cmake_module: 0.8.1 (/opt/ros/foxy/share/python_cmake_module/cmake)
[1.372s] -- Found PythonLibs: /usr/lib/x86_64-linux-gnu/libpython3.8.so (found suitable version "3.8.10", minimum required is "3.5") 
[1.372s] -- Using PYTHON_EXECUTABLE: /usr/bin/python3
[1.372s] -- Using PYTHON_INCLUDE_DIRS: /usr/include/python3.8
[1.372s] -- Using PYTHON_LIBRARIES: /usr/lib/x86_64-linux-gnu/libpython3.8.so
[1.417s] -- Found PythonExtra: .so  
[1.465s] -- Configuring done
[1.517s] -- Generating done
[1.518s] -- Build files have been written to: /home/tom/dev_ws/build/turtlesim
[1.524s] Invoked command in '/home/tom/dev_ws/build/turtlesim' returned '0': CMAKE_PREFIX_PATH=/opt/ros/foxy /usr/bin/cmake /home/tom/dev_ws/src/ros_tutorials/turtlesim -DCMAKE_INSTALL_PREFIX=/home/tom/dev_ws/install/turtlesim
[1.526s] Invoking command in '/home/tom/dev_ws/build/turtlesim': CMAKE_PREFIX_PATH=/opt/ros/foxy /usr/bin/cmake --build /home/tom/dev_ws/build/turtlesim -- -j20 -l20
[1.551s] [35m[1mScanning dependencies of target turtlesim__cpp[0m
[1.551s] [  1%] [34m[1mGenerating C code for ROS interfaces[0m
[1.557s] [  2%] [34m[1mGenerating C++ code for ROS interfaces[0m
[2.049s] [  2%] Built target turtlesim__cpp
[2.056s] [  4%] [34m[1mGenerating C++ type support dispatch for ROS interfaces[0m
[2.056s] [  4%] [34m[1mGenerating C++ introspection for ROS interfaces[0m
[2.057s] [  5%] [34m[1mGenerating C++ type support for eProsima Fast-RTPS[0m
[2.062s] [35m[1mScanning dependencies of target turtlesim__rosidl_generator_c[0m
[2.072s] [  9%] [32mBuilding C object CMakeFiles/turtlesim__rosidl_generator_c.dir/rosidl_generator_c/turtlesim/srv/detail/kill__functions.c.o[0m
[2.072s] [  9%] [32mBuilding C object CMakeFiles/turtlesim__rosidl_generator_c.dir/rosidl_generator_c/turtlesim/msg/detail/pose__functions.c.o[0m
[2.072s] [  9%] [32mBuilding C object CMakeFiles/turtlesim__rosidl_generator_c.dir/rosidl_generator_c/turtlesim/action/detail/rotate_absolute__functions.c.o[0m
[2.072s] [  9%] [32mBuilding C object CMakeFiles/turtlesim__rosidl_generator_c.dir/rosidl_generator_c/turtlesim/srv/detail/set_pen__functions.c.o[0m
[2.072s] [ 10%] [32mBuilding C object CMakeFiles/turtlesim__rosidl_generator_c.dir/rosidl_generator_c/turtlesim/srv/detail/spawn__functions.c.o[0m
[2.072s] [ 11%] [32mBuilding C object CMakeFiles/turtlesim__rosidl_generator_c.dir/rosidl_generator_c/turtlesim/srv/detail/teleport_relative__functions.c.o[0m
[2.074s] [ 12%] [32mBuilding C object CMakeFiles/turtlesim__rosidl_generator_c.dir/rosidl_generator_c/turtlesim/msg/detail/color__functions.c.o[0m
[2.074s] [ 13%] [32mBuilding C object CMakeFiles/turtlesim__rosidl_generator_c.dir/rosidl_generator_c/turtlesim/srv/detail/teleport_absolute__functions.c.o[0m
[2.132s] [ 14%] [32m[1mLinking C shared library libturtlesim__rosidl_generator_c.so[0m
[2.154s] [ 14%] Built target turtlesim__rosidl_generator_c
[2.160s] [ 15%] [34m[1mGenerating C type support dispatch for ROS interfaces[0m
[2.160s] [ 16%] [34m[1mGenerating C introspection for ROS interfaces[0m
[2.378s] [35m[1mScanning dependencies of target turtlesim__rosidl_typesupport_cpp[0m
[2.389s] [ 21%] [32mBuilding CXX object CMakeFiles/turtlesim__rosidl_typesupport_cpp.dir/rosidl_typesupport_cpp/turtlesim/action/rotate_absolute__type_support.cpp.o[0m
[2.389s] [ 21%] [32mBuilding CXX object CMakeFiles/turtlesim__rosidl_typesupport_cpp.dir/rosidl_typesupport_cpp/turtlesim/srv/set_pen__type_support.cpp.o[0m
[2.389s] [ 21%] [32mBuilding CXX object CMakeFiles/turtlesim__rosidl_typesupport_cpp.dir/rosidl_typesupport_cpp/turtlesim/srv/kill__type_support.cpp.o[0m
[2.389s] [ 21%] [32mBuilding CXX object CMakeFiles/turtlesim__rosidl_typesupport_cpp.dir/rosidl_typesupport_cpp/turtlesim/msg/color__type_support.cpp.o[0m
[2.389s] [ 21%] [32mBuilding CXX object CMakeFiles/turtlesim__rosidl_typesupport_cpp.dir/rosidl_typesupport_cpp/turtlesim/msg/pose__type_support.cpp.o[0m
[2.390s] [ 22%] [32mBuilding CXX object CMakeFiles/turtlesim__rosidl_typesupport_cpp.dir/rosidl_typesupport_cpp/turtlesim/srv/teleport_relative__type_support.cpp.o[0m
[2.391s] [ 23%] [32mBuilding CXX object CMakeFiles/turtlesim__rosidl_typesupport_cpp.dir/rosidl_typesupport_cpp/turtlesim/srv/spawn__type_support.cpp.o[0m
[2.391s] [ 24%] [32mBuilding CXX object CMakeFiles/turtlesim__rosidl_typesupport_cpp.dir/rosidl_typesupport_cpp/turtlesim/srv/teleport_absolute__type_support.cpp.o[0m
[2.449s] [35m[1mScanning dependencies of target turtlesim__rosidl_typesupport_introspection_cpp[0m
[2.461s] [ 25%] [32mBuilding CXX object CMakeFiles/turtlesim__rosidl_typesupport_introspection_cpp.dir/rosidl_typesupport_introspection_cpp/turtlesim/msg/detail/color__type_support.cpp.o[0m
[2.463s] [ 28%] [32mBuilding CXX object CMakeFiles/turtlesim__rosidl_typesupport_introspection_cpp.dir/rosidl_typesupport_introspection_cpp/turtlesim/action/detail/rotate_absolute__type_support.cpp.o[0m
[2.463s] [ 28%] [32mBuilding CXX object CMakeFiles/turtlesim__rosidl_typesupport_introspection_cpp.dir/rosidl_typesupport_introspection_cpp/turtlesim/msg/detail/pose__type_support.cpp.o[0m
[2.463s] [ 28%] [32mBuilding CXX object CMakeFiles/turtlesim__rosidl_typesupport_introspection_cpp.dir/rosidl_typesupport_introspection_cpp/turtlesim/srv/detail/kill__type_support.cpp.o[0m
[2.463s] [ 29%] [32mBuilding CXX object CMakeFiles/turtlesim__rosidl_typesupport_introspection_cpp.dir/rosidl_typesupport_introspection_cpp/turtlesim/srv/detail/set_pen__type_support.cpp.o[0m
[2.463s] [ 30%] [32mBuilding CXX object CMakeFiles/turtlesim__rosidl_typesupport_introspection_cpp.dir/rosidl_typesupport_introspection_cpp/turtlesim/srv/detail/spawn__type_support.cpp.o[0m
[2.463s] [ 31%] [32mBuilding CXX object CMakeFiles/turtlesim__rosidl_typesupport_introspection_cpp.dir/rosidl_typesupport_introspection_cpp/turtlesim/srv/detail/teleport_absolute__type_support.cpp.o[0m
[2.463s] [ 32%] [32mBuilding CXX object CMakeFiles/turtlesim__rosidl_typesupport_introspection_cpp.dir/rosidl_typesupport_introspection_cpp/turtlesim/srv/detail/teleport_relative__type_support.cpp.o[0m
[2.514s] [35m[1mScanning dependencies of target turtlesim__rosidl_typesupport_c[0m
[2.529s] [ 33%] [32mBuilding CXX object CMakeFiles/turtlesim__rosidl_typesupport_c.dir/rosidl_typesupport_c/turtlesim/msg/color__type_support.cpp.o[0m
[2.530s] [ 34%] [32mBuilding CXX object CMakeFiles/turtlesim__rosidl_typesupport_c.dir/rosidl_typesupport_c/turtlesim/action/rotate_absolute__type_support.cpp.o[0m
[2.563s] [ 35%] [32mBuilding CXX object CMakeFiles/turtlesim__rosidl_typesupport_c.dir/rosidl_typesupport_c/turtlesim/msg/pose__type_support.cpp.o[0m
[2.590s] [ 36%] [32mBuilding CXX object CMakeFiles/turtlesim__rosidl_typesupport_c.dir/rosidl_typesupport_c/turtlesim/srv/kill__type_support.cpp.o[0m
[2.603s] [ 37%] [32mBuilding CXX object CMakeFiles/turtlesim__rosidl_typesupport_c.dir/rosidl_typesupport_c/turtlesim/srv/set_pen__type_support.cpp.o[0m
[2.623s] [ 38%] [32mBuilding CXX object CMakeFiles/turtlesim__rosidl_typesupport_c.dir/rosidl_typesupport_c/turtlesim/srv/spawn__type_support.cpp.o[0m
[2.654s] [ 39%] [32mBuilding CXX object CMakeFiles/turtlesim__rosidl_typesupport_c.dir/rosidl_typesupport_c/turtlesim/srv/teleport_absolute__type_support.cpp.o[0m
[2.671s] [ 40%] [32mBuilding CXX object CMakeFiles/turtlesim__rosidl_typesupport_c.dir/rosidl_typesupport_c/turtlesim/srv/teleport_relative__type_support.cpp.o[0m
[2.678s] [35m[1mScanning dependencies of target turtlesim__rosidl_typesupport_fastrtps_cpp[0m
[2.700s] [ 41%] [32m[1mLinking CXX shared library libturtlesim__rosidl_typesupport_c.so[0m
[2.705s] [ 43%] [32mBuilding CXX object CMakeFiles/turtlesim__rosidl_typesupport_fastrtps_cpp.dir/rosidl_typesupport_fastrtps_cpp/turtlesim/action/detail/dds_fastrtps/rotate_absolute__type_support.cpp.o[0m
[2.705s] [ 43%] [32mBuilding CXX object CMakeFiles/turtlesim__rosidl_typesupport_fastrtps_cpp.dir/rosidl_typesupport_fastrtps_cpp/turtlesim/msg/detail/dds_fastrtps/color__type_support.cpp.o[0m
[2.707s] [ 44%] [32mBuilding CXX object CMakeFiles/turtlesim__rosidl_typesupport_fastrtps_cpp.dir/rosidl_typesupport_fastrtps_cpp/turtlesim/msg/detail/dds_fastrtps/pose__type_support.cpp.o[0m
[2.707s] [ 45%] [32mBuilding CXX object CMakeFiles/turtlesim__rosidl_typesupport_fastrtps_cpp.dir/rosidl_typesupport_fastrtps_cpp/turtlesim/srv/detail/dds_fastrtps/kill__type_support.cpp.o[0m
[2.708s] [ 46%] [32mBuilding CXX object CMakeFiles/turtlesim__rosidl_typesupport_fastrtps_cpp.dir/rosidl_typesupport_fastrtps_cpp/turtlesim/srv/detail/dds_fastrtps/spawn__type_support.cpp.o[0m
[2.708s] [ 47%] [32mBuilding CXX object CMakeFiles/turtlesim__rosidl_typesupport_fastrtps_cpp.dir/rosidl_typesupport_fastrtps_cpp/turtlesim/srv/detail/dds_fastrtps/set_pen__type_support.cpp.o[0m
[2.708s] [ 48%] [32mBuilding CXX object CMakeFiles/turtlesim__rosidl_typesupport_fastrtps_cpp.dir/rosidl_typesupport_fastrtps_cpp/turtlesim/srv/detail/dds_fastrtps/teleport_relative__type_support.cpp.o[0m
[2.708s] [ 49%] [32mBuilding CXX object CMakeFiles/turtlesim__rosidl_typesupport_fastrtps_cpp.dir/rosidl_typesupport_fastrtps_cpp/turtlesim/srv/detail/dds_fastrtps/teleport_absolute__type_support.cpp.o[0m
[2.709s] [35m[1mScanning dependencies of target turtlesim__rosidl_typesupport_introspection_c[0m
[2.726s] [ 50%] [32mBuilding C object CMakeFiles/turtlesim__rosidl_typesupport_introspection_c.dir/rosidl_typesupport_introspection_c/turtlesim/msg/detail/color__type_support.c.o[0m
[2.739s] [ 50%] Built target turtlesim__rosidl_typesupport_c
[2.740s] [ 51%] [32mBuilding C object CMakeFiles/turtlesim__rosidl_typesupport_introspection_c.dir/rosidl_typesupport_introspection_c/turtlesim/action/detail/rotate_absolute__type_support.c.o[0m
[2.747s] [ 52%] [32m[1mLinking CXX shared library libturtlesim__rosidl_typesupport_cpp.so[0m
[2.747s] [ 53%] [32mBuilding C object CMakeFiles/turtlesim__rosidl_typesupport_introspection_c.dir/rosidl_typesupport_introspection_c/turtlesim/msg/detail/pose__type_support.c.o[0m
[2.755s] [ 54%] [32mBuilding C object CMakeFiles/turtlesim__rosidl_typesupport_introspection_c.dir/rosidl_typesupport_introspection_c/turtlesim/srv/detail/kill__type_support.c.o[0m
[2.775s] [ 55%] [32mBuilding C object CMakeFiles/turtlesim__rosidl_typesupport_introspection_c.dir/rosidl_typesupport_introspection_c/turtlesim/srv/detail/set_pen__type_support.c.o[0m
[2.779s] [ 56%] [32mBuilding C object CMakeFiles/turtlesim__rosidl_typesupport_introspection_c.dir/rosidl_typesupport_introspection_c/turtlesim/srv/detail/spawn__type_support.c.o[0m
[2.780s] [ 57%] [32mBuilding C object CMakeFiles/turtlesim__rosidl_typesupport_introspection_c.dir/rosidl_typesupport_introspection_c/turtlesim/srv/detail/teleport_absolute__type_support.c.o[0m
[2.782s] [ 58%] [32mBuilding C object CMakeFiles/turtlesim__rosidl_typesupport_introspection_c.dir/rosidl_typesupport_introspection_c/turtlesim/srv/detail/teleport_relative__type_support.c.o[0m
[2.789s] [ 58%] Built target turtlesim__rosidl_typesupport_cpp
[2.803s] [ 59%] [32m[1mLinking C shared library libturtlesim__rosidl_typesupport_introspection_c.so[0m
[2.824s] [ 59%] Built target turtlesim__rosidl_typesupport_introspection_c
[2.824s] [ 60%] [32m[1mLinking CXX shared library libturtlesim__rosidl_typesupport_introspection_cpp.so[0m
[2.869s] [ 60%] Built target turtlesim__rosidl_typesupport_introspection_cpp
[3.106s] [ 61%] [32m[1mLinking CXX shared library libturtlesim__rosidl_typesupport_fastrtps_cpp.so[0m
[3.156s] [ 61%] Built target turtlesim__rosidl_typesupport_fastrtps_cpp
[3.162s] [ 62%] [34m[1mGenerating C type support for eProsima Fast-RTPS[0m
[3.608s] [35m[1mScanning dependencies of target turtlesim__rosidl_typesupport_fastrtps_c[0m
[3.627s] [ 65%] [32mBuilding CXX object CMakeFiles/turtlesim__rosidl_typesupport_fastrtps_c.dir/rosidl_typesupport_fastrtps_c/turtlesim/action/detail/rotate_absolute__type_support_c.cpp.o[0m
[3.627s] [ 65%] [32mBuilding CXX object CMakeFiles/turtlesim__rosidl_typesupport_fastrtps_c.dir/rosidl_typesupport_fastrtps_c/turtlesim/msg/detail/pose__type_support_c.cpp.o[0m
[3.627s] [ 66%] [32mBuilding CXX object CMakeFiles/turtlesim__rosidl_typesupport_fastrtps_c.dir/rosidl_typesupport_fastrtps_c/turtlesim/srv/detail/kill__type_support_c.cpp.o[0m
[3.627s] [ 65%] [32mBuilding CXX object CMakeFiles/turtlesim__rosidl_typesupport_fastrtps_c.dir/rosidl_typesupport_fastrtps_c/turtlesim/msg/detail/color__type_support_c.cpp.o[0m
[3.627s] [ 67%] [32mBuilding CXX object CMakeFiles/turtlesim__rosidl_typesupport_fastrtps_c.dir/rosidl_typesupport_fastrtps_c/turtlesim/srv/detail/set_pen__type_support_c.cpp.o[0m
[3.627s] [ 68%] [32mBuilding CXX object CMakeFiles/turtlesim__rosidl_typesupport_fastrtps_c.dir/rosidl_typesupport_fastrtps_c/turtlesim/srv/detail/spawn__type_support_c.cpp.o[0m
[3.627s] [ 69%] [32mBuilding CXX object CMakeFiles/turtlesim__rosidl_typesupport_fastrtps_c.dir/rosidl_typesupport_fastrtps_c/turtlesim/srv/detail/teleport_absolute__type_support_c.cpp.o[0m
[3.627s] [ 70%] [32mBuilding CXX object CMakeFiles/turtlesim__rosidl_typesupport_fastrtps_c.dir/rosidl_typesupport_fastrtps_c/turtlesim/srv/detail/teleport_relative__type_support_c.cpp.o[0m
[3.890s] [ 71%] [32m[1mLinking CXX shared library libturtlesim__rosidl_typesupport_fastrtps_c.so[0m
[3.940s] [ 71%] Built target turtlesim__rosidl_typesupport_fastrtps_c
[3.945s] [35m[1mScanning dependencies of target turtlesim[0m
[3.951s] [ 71%] Built target turtlesim
[3.957s] [ 72%] [34m[1mGenerating include/turtlesim/moc_turtle_frame.cpp[0m
[3.957s] [35m[1mScanning dependencies of target draw_square[0m
[3.957s] [35m[1mScanning dependencies of target mimic[0m
[3.957s] [35m[1mScanning dependencies of target turtle_teleop_key[0m
[3.957s] [35m[1mScanning dependencies of target turtlesim__py[0m
[3.963s] [ 73%] [34m[1mGenerating Python code for ROS interfaces[0m
[3.982s] [ 75%] [32mBuilding CXX object CMakeFiles/mimic.dir/tutorials/mimic.cpp.o[0m
[3.982s] [ 75%] [32mBuilding CXX object CMakeFiles/draw_square.dir/tutorials/draw_square.cpp.o[0m
[3.982s] [ 76%] [32mBuilding CXX object CMakeFiles/turtle_teleop_key.dir/tutorials/teleop_turtle_key.cpp.o[0m
[4.004s] [35m[1mScanning dependencies of target turtlesim_node[0m
[4.052s] [ 79%] [32mBuilding CXX object CMakeFiles/turtlesim_node.dir/src/turtle.cpp.o[0m
[4.052s] [ 79%] [32mBuilding CXX object CMakeFiles/turtlesim_node.dir/src/turtlesim.cpp.o[0m
[4.053s] [ 79%] [32mBuilding CXX object CMakeFiles/turtlesim_node.dir/src/turtle_frame.cpp.o[0m
[4.053s] [ 80%] [32mBuilding CXX object CMakeFiles/turtlesim_node.dir/include/turtlesim/moc_turtle_frame.cpp.o[0m
[5.103s] [ 80%] Built target turtlesim__py
[5.110s] [35m[1mScanning dependencies of target turtlesim__python[0m
[5.143s] [ 81%] [32mBuilding C object CMakeFiles/turtlesim__python.dir/rosidl_generator_py/turtlesim/msg/_color_s.c.o[0m
[5.144s] [ 82%] [32mBuilding C object CMakeFiles/turtlesim__python.dir/rosidl_generator_py/turtlesim/action/_rotate_absolute_s.c.o[0m
[5.144s] [ 83%] [32mBuilding C object CMakeFiles/turtlesim__python.dir/rosidl_generator_py/turtlesim/srv/_kill_s.c.o[0m
[5.144s] [ 84%] [32mBuilding C object CMakeFiles/turtlesim__python.dir/rosidl_generator_py/turtlesim/msg/_pose_s.c.o[0m
[5.144s] [ 85%] [32mBuilding C object CMakeFiles/turtlesim__python.dir/rosidl_generator_py/turtlesim/srv/_set_pen_s.c.o[0m
[5.144s] [ 86%] [32mBuilding C object CMakeFiles/turtlesim__python.dir/rosidl_generator_py/turtlesim/srv/_teleport_absolute_s.c.o[0m
[5.145s] [ 87%] [32mBuilding C object CMakeFiles/turtlesim__python.dir/rosidl_generator_py/turtlesim/srv/_spawn_s.c.o[0m
[5.145s] [ 88%] [32mBuilding C object CMakeFiles/turtlesim__python.dir/rosidl_generator_py/turtlesim/srv/_teleport_relative_s.c.o[0m
[5.262s] [ 89%] [32m[1mLinking C shared library rosidl_generator_py/turtlesim/libturtlesim__python.so[0m
[5.290s] [ 89%] Built target turtlesim__python
[5.297s] [35m[1mScanning dependencies of target turtlesim__rosidl_typesupport_c__pyext[0m
[5.297s] [35m[1mScanning dependencies of target turtlesim__rosidl_typesupport_introspection_c__pyext[0m
[5.297s] [35m[1mScanning dependencies of target turtlesim__rosidl_typesupport_fastrtps_c__pyext[0m
[5.311s] [ 90%] [32mBuilding C object CMakeFiles/turtlesim__rosidl_typesupport_c__pyext.dir/rosidl_generator_py/turtlesim/_turtlesim_s.ep.rosidl_typesupport_c.c.o[0m
[5.311s] [ 91%] [32mBuilding C object CMakeFiles/turtlesim__rosidl_typesupport_introspection_c__pyext.dir/rosidl_generator_py/turtlesim/_turtlesim_s.ep.rosidl_typesupport_introspection_c.c.o[0m
[5.312s] [ 92%] [32mBuilding C object CMakeFiles/turtlesim__rosidl_typesupport_fastrtps_c__pyext.dir/rosidl_generator_py/turtlesim/_turtlesim_s.ep.rosidl_typesupport_fastrtps_c.c.o[0m
[5.403s] [ 94%] [32m[1mLinking C shared library rosidl_generator_py/turtlesim/turtlesim_s__rosidl_typesupport_c.cpython-38-x86_64-linux-gnu.so[0m
[5.403s] [ 94%] [32m[1mLinking C shared library rosidl_generator_py/turtlesim/turtlesim_s__rosidl_typesupport_introspection_c.cpython-38-x86_64-linux-gnu.so[0m
[5.406s] [ 95%] [32m[1mLinking CXX shared library rosidl_generator_py/turtlesim/turtlesim_s__rosidl_typesupport_fastrtps_c.cpython-38-x86_64-linux-gnu.so[0m
[5.429s] [ 95%] Built target turtlesim__rosidl_typesupport_c__pyext
[5.429s] [ 95%] Built target turtlesim__rosidl_typesupport_introspection_c__pyext
[5.453s] [ 95%] Built target turtlesim__rosidl_typesupport_fastrtps_c__pyext
[6.898s] [ 96%] [32m[1mLinking CXX executable turtle_teleop_key[0m
[7.030s] [ 96%] Built target turtle_teleop_key
[7.432s] [ 97%] [32m[1mLinking CXX executable mimic[0m
[7.580s] [ 97%] Built target mimic
[7.817s] [ 98%] [32m[1mLinking CXX executable draw_square[0m
[7.972s] [ 98%] Built target draw_square
[9.267s] [100%] [32m[1mLinking CXX executable turtlesim_node[0m
[10.012s] [100%] Built target turtlesim_node
[10.019s] Invoked command in '/home/tom/dev_ws/build/turtlesim' returned '0': CMAKE_PREFIX_PATH=/opt/ros/foxy /usr/bin/cmake --build /home/tom/dev_ws/build/turtlesim -- -j20 -l20
[10.101s] Invoking command in '/home/tom/dev_ws/build/turtlesim': CMAKE_PREFIX_PATH=/opt/ros/foxy /usr/bin/cmake --install /home/tom/dev_ws/build/turtlesim
[10.105s] -- Install configuration: ""
[10.106s] -- Installing: /home/tom/dev_ws/install/turtlesim/share/ament_index/resource_index/rosidl_interfaces/turtlesim
[10.106s] -- Installing: /home/tom/dev_ws/install/turtlesim/include/turtlesim
[10.106s] -- Installing: /home/tom/dev_ws/install/turtlesim/include/turtlesim/srv
[10.106s] -- Installing: /home/tom/dev_ws/install/turtlesim/include/turtlesim/srv/teleport_relative.h
[10.106s] -- Installing: /home/tom/dev_ws/install/turtlesim/include/turtlesim/srv/spawn.h
[10.106s] -- Installing: /home/tom/dev_ws/install/turtlesim/include/turtlesim/srv/set_pen.h
[10.106s] -- Installing: /home/tom/dev_ws/install/turtlesim/include/turtlesim/srv/detail
[10.106s] -- Installing: /home/tom/dev_ws/install/turtlesim/include/turtlesim/srv/detail/set_pen__functions.c
[10.106s] -- Installing: /home/tom/dev_ws/install/turtlesim/include/turtlesim/srv/detail/teleport_relative__type_support.h
[10.106s] -- Installing: /home/tom/dev_ws/install/turtlesim/include/turtlesim/srv/detail/teleport_relative__functions.c
[10.106s] -- Installing: /home/tom/dev_ws/install/turtlesim/include/turtlesim/srv/detail/teleport_relative__struct.h
[10.106s] -- Installing: /home/tom/dev_ws/install/turtlesim/include/turtlesim/srv/detail/teleport_absolute__functions.c
[10.106s] -- Installing: /home/tom/dev_ws/install/turtlesim/include/turtlesim/srv/detail/spawn__struct.h
[10.106s] -- Installing: /home/tom/dev_ws/install/turtlesim/include/turtlesim/srv/detail/teleport_absolute__functions.h
[10.106s] -- Installing: /home/tom/dev_ws/install/turtlesim/include/turtlesim/srv/detail/teleport_absolute__type_support.h
[10.107s] -- Installing: /home/tom/dev_ws/install/turtlesim/include/turtlesim/srv/detail/spawn__functions.h
[10.107s] -- Installing: /home/tom/dev_ws/install/turtlesim/include/turtlesim/srv/detail/set_pen__type_support.h
[10.107s] -- Installing: /home/tom/dev_ws/install/turtlesim/include/turtlesim/srv/detail/set_pen__struct.h
[10.107s] -- Installing: /home/tom/dev_ws/install/turtlesim/include/turtlesim/srv/detail/teleport_relative__functions.h
[10.107s] -- Installing: /home/tom/dev_ws/install/turtlesim/include/turtlesim/srv/detail/spawn__type_support.h
[10.107s] -- Installing: /home/tom/dev_ws/install/turtlesim/include/turtlesim/srv/detail/spawn__functions.c
[10.107s] -- Installing: /home/tom/dev_ws/install/turtlesim/include/turtlesim/srv/detail/teleport_absolute__struct.h
[10.107s] -- Installing: /home/tom/dev_ws/install/turtlesim/include/turtlesim/srv/detail/set_pen__functions.h
[10.107s] -- Installing: /home/tom/dev_ws/install/turtlesim/include/turtlesim/srv/detail/kill__functions.h
[10.107s] -- Installing: /home/tom/dev_ws/install/turtlesim/include/turtlesim/srv/detail/kill__functions.c
[10.107s] -- Installing: /home/tom/dev_ws/install/turtlesim/include/turtlesim/srv/detail/kill__type_support.h
[10.107s] -- Installing: /home/tom/dev_ws/install/turtlesim/include/turtlesim/srv/detail/kill__struct.h
[10.107s] -- Installing: /home/tom/dev_ws/install/turtlesim/include/turtlesim/srv/kill.h
[10.107s] -- Installing: /home/tom/dev_ws/install/turtlesim/include/turtlesim/srv/teleport_absolute.h
[10.107s] -- Installing: /home/tom/dev_ws/install/turtlesim/include/turtlesim/msg
[10.107s] -- Installing: /home/tom/dev_ws/install/turtlesim/include/turtlesim/msg/color.h
[10.107s] -- Installing: /home/tom/dev_ws/install/turtlesim/include/turtlesim/msg/detail
[10.108s] -- Installing: /home/tom/dev_ws/install/turtlesim/include/turtlesim/msg/detail/color__functions.c
[10.108s] -- Installing: /home/tom/dev_ws/install/turtlesim/include/turtlesim/msg/detail/color__struct.h
[10.108s] -- Installing: /home/tom/dev_ws/install/turtlesim/include/turtlesim/msg/detail/pose__struct.h
[10.108s] -- Installing: /home/tom/dev_ws/install/turtlesim/include/turtlesim/msg/detail/pose__functions.c
[10.108s] -- Installing: /home/tom/dev_ws/install/turtlesim/include/turtlesim/msg/detail/color__type_support.h
[10.108s] -- Installing: /home/tom/dev_ws/install/turtlesim/include/turtlesim/msg/detail/pose__functions.h
[10.108s] -- Installing: /home/tom/dev_ws/install/turtlesim/include/turtlesim/msg/detail/color__functions.h
[10.108s] -- Installing: /home/tom/dev_ws/install/turtlesim/include/turtlesim/msg/detail/pose__type_support.h
[10.108s] -- Installing: /home/tom/dev_ws/install/turtlesim/include/turtlesim/msg/pose.h
[10.108s] -- Installing: /home/tom/dev_ws/install/turtlesim/include/turtlesim/msg/rosidl_generator_c__visibility_control.h
[10.108s] -- Installing: /home/tom/dev_ws/install/turtlesim/include/turtlesim/action
[10.108s] -- Installing: /home/tom/dev_ws/install/turtlesim/include/turtlesim/action/rotate_absolute.h
[10.108s] -- Installing: /home/tom/dev_ws/install/turtlesim/include/turtlesim/action/detail
[10.108s] -- Installing: /home/tom/dev_ws/install/turtlesim/include/turtlesim/action/detail/rotate_absolute__functions.c
[10.108s] -- Installing: /home/tom/dev_ws/install/turtlesim/include/turtlesim/action/detail/rotate_absolute__functions.h
[10.108s] -- Installing: /home/tom/dev_ws/install/turtlesim/include/turtlesim/action/detail/rotate_absolute__type_support.h
[10.108s] -- Installing: /home/tom/dev_ws/install/turtlesim/include/turtlesim/action/detail/rotate_absolute__struct.h
[10.108s] -- Installing: /home/tom/dev_ws/install/turtlesim/share/turtlesim/environment/library_path.sh
[10.108s] -- Installing: /home/tom/dev_ws/install/turtlesim/share/turtlesim/environment/library_path.dsv
[10.109s] -- Installing: /home/tom/dev_ws/install/turtlesim/lib/libturtlesim__rosidl_generator_c.so
[10.109s] -- Set runtime path of "/home/tom/dev_ws/install/turtlesim/lib/libturtlesim__rosidl_generator_c.so" to ""
[10.109s] -- Up-to-date: /home/tom/dev_ws/install/turtlesim/include/turtlesim
[10.109s] -- Up-to-date: /home/tom/dev_ws/install/turtlesim/include/turtlesim/srv
[10.109s] -- Up-to-date: /home/tom/dev_ws/install/turtlesim/include/turtlesim/srv/detail
[10.109s] -- Installing: /home/tom/dev_ws/install/turtlesim/include/turtlesim/srv/detail/spawn__rosidl_typesupport_fastrtps_c.h
[10.109s] -- Installing: /home/tom/dev_ws/install/turtlesim/include/turtlesim/srv/detail/kill__rosidl_typesupport_fastrtps_c.h
[10.109s] -- Installing: /home/tom/dev_ws/install/turtlesim/include/turtlesim/srv/detail/teleport_relative__rosidl_typesupport_fastrtps_c.h
[10.109s] -- Installing: /home/tom/dev_ws/install/turtlesim/include/turtlesim/srv/detail/set_pen__rosidl_typesupport_fastrtps_c.h
[10.109s] -- Installing: /home/tom/dev_ws/install/turtlesim/include/turtlesim/srv/detail/teleport_absolute__rosidl_typesupport_fastrtps_c.h
[10.109s] -- Up-to-date: /home/tom/dev_ws/install/turtlesim/include/turtlesim/msg
[10.109s] -- Up-to-date: /home/tom/dev_ws/install/turtlesim/include/turtlesim/msg/detail
[10.109s] -- Installing: /home/tom/dev_ws/install/turtlesim/include/turtlesim/msg/detail/color__rosidl_typesupport_fastrtps_c.h
[10.109s] -- Installing: /home/tom/dev_ws/install/turtlesim/include/turtlesim/msg/detail/pose__rosidl_typesupport_fastrtps_c.h
[10.109s] -- Installing: /home/tom/dev_ws/install/turtlesim/include/turtlesim/msg/rosidl_typesupport_fastrtps_c__visibility_control.h
[10.109s] -- Up-to-date: /home/tom/dev_ws/install/turtlesim/include/turtlesim/action
[10.109s] -- Up-to-date: /home/tom/dev_ws/install/turtlesim/include/turtlesim/action/detail
[10.109s] -- Installing: /home/tom/dev_ws/install/turtlesim/include/turtlesim/action/detail/rotate_absolute__rosidl_typesupport_fastrtps_c.h
[10.110s] -- Installing: /home/tom/dev_ws/install/turtlesim/lib/libturtlesim__rosidl_typesupport_fastrtps_c.so
[10.110s] -- Set runtime path of "/home/tom/dev_ws/install/turtlesim/lib/libturtlesim__rosidl_typesupport_fastrtps_c.so" to ""
[10.110s] -- Up-to-date: /home/tom/dev_ws/install/turtlesim/include/turtlesim
[10.110s] -- Up-to-date: /home/tom/dev_ws/install/turtlesim/include/turtlesim/srv
[10.110s] -- Up-to-date: /home/tom/dev_ws/install/turtlesim/include/turtlesim/srv/detail
[10.110s] -- Installing: /home/tom/dev_ws/install/turtlesim/include/turtlesim/srv/detail/set_pen__rosidl_typesupport_fastrtps_cpp.hpp
[10.110s] -- Installing: /home/tom/dev_ws/install/turtlesim/include/turtlesim/srv/detail/spawn__rosidl_typesupport_fastrtps_cpp.hpp
[10.110s] -- Installing: /home/tom/dev_ws/install/turtlesim/include/turtlesim/srv/detail/kill__rosidl_typesupport_fastrtps_cpp.hpp
[10.110s] -- Installing: /home/tom/dev_ws/install/turtlesim/include/turtlesim/srv/detail/teleport_absolute__rosidl_typesupport_fastrtps_cpp.hpp
[10.110s] -- Installing: /home/tom/dev_ws/install/turtlesim/include/turtlesim/srv/detail/dds_fastrtps
[10.110s] -- Installing: /home/tom/dev_ws/install/turtlesim/include/turtlesim/srv/detail/teleport_relative__rosidl_typesupport_fastrtps_cpp.hpp
[10.110s] -- Up-to-date: /home/tom/dev_ws/install/turtlesim/include/turtlesim/msg
[10.110s] -- Up-to-date: /home/tom/dev_ws/install/turtlesim/include/turtlesim/msg/detail
[10.110s] -- Installing: /home/tom/dev_ws/install/turtlesim/include/turtlesim/msg/detail/color__rosidl_typesupport_fastrtps_cpp.hpp
[10.110s] -- Installing: /home/tom/dev_ws/install/turtlesim/include/turtlesim/msg/detail/dds_fastrtps
[10.110s] -- Installing: /home/tom/dev_ws/install/turtlesim/include/turtlesim/msg/detail/pose__rosidl_typesupport_fastrtps_cpp.hpp
[10.110s] -- Installing: /home/tom/dev_ws/install/turtlesim/include/turtlesim/msg/rosidl_typesupport_fastrtps_cpp__visibility_control.h
[10.110s] -- Up-to-date: /home/tom/dev_ws/install/turtlesim/include/turtlesim/action
[10.111s] -- Up-to-date: /home/tom/dev_ws/install/turtlesim/include/turtlesim/action/detail
[10.111s] -- Installing: /home/tom/dev_ws/install/turtlesim/include/turtlesim/action/detail/dds_fastrtps
[10.111s] -- Installing: /home/tom/dev_ws/install/turtlesim/include/turtlesim/action/detail/rotate_absolute__rosidl_typesupport_fastrtps_cpp.hpp
[10.111s] -- Installing: /home/tom/dev_ws/install/turtlesim/lib/libturtlesim__rosidl_typesupport_fastrtps_cpp.so
[10.111s] -- Set runtime path of "/home/tom/dev_ws/install/turtlesim/lib/libturtlesim__rosidl_typesupport_fastrtps_cpp.so" to ""
[10.111s] -- Up-to-date: /home/tom/dev_ws/install/turtlesim/include/turtlesim
[10.111s] -- Up-to-date: /home/tom/dev_ws/install/turtlesim/include/turtlesim/srv
[10.111s] -- Up-to-date: /home/tom/dev_ws/install/turtlesim/include/turtlesim/srv/detail
[10.111s] -- Installing: /home/tom/dev_ws/install/turtlesim/include/turtlesim/srv/detail/kill__rosidl_typesupport_introspection_c.h
[10.111s] -- Installing: /home/tom/dev_ws/install/turtlesim/include/turtlesim/srv/detail/teleport_relative__type_support.c
[10.111s] -- Installing: /home/tom/dev_ws/install/turtlesim/include/turtlesim/srv/detail/teleport_absolute__type_support.c
[10.111s] -- Installing: /home/tom/dev_ws/install/turtlesim/include/turtlesim/srv/detail/teleport_relative__rosidl_typesupport_introspection_c.h
[10.111s] -- Installing: /home/tom/dev_ws/install/turtlesim/include/turtlesim/srv/detail/spawn__rosidl_typesupport_introspection_c.h
[10.111s] -- Installing: /home/tom/dev_ws/install/turtlesim/include/turtlesim/srv/detail/spawn__type_support.c
[10.111s] -- Installing: /home/tom/dev_ws/install/turtlesim/include/turtlesim/srv/detail/set_pen__type_support.c
[10.111s] -- Installing: /home/tom/dev_ws/install/turtlesim/include/turtlesim/srv/detail/kill__type_support.c
[10.111s] -- Installing: /home/tom/dev_ws/install/turtlesim/include/turtlesim/srv/detail/teleport_absolute__rosidl_typesupport_introspection_c.h
[10.111s] -- Installing: /home/tom/dev_ws/install/turtlesim/include/turtlesim/srv/detail/set_pen__rosidl_typesupport_introspection_c.h
[10.111s] -- Up-to-date: /home/tom/dev_ws/install/turtlesim/include/turtlesim/msg
[10.112s] -- Up-to-date: /home/tom/dev_ws/install/turtlesim/include/turtlesim/msg/detail
[10.112s] -- Installing: /home/tom/dev_ws/install/turtlesim/include/turtlesim/msg/detail/pose__type_support.c
[10.112s] -- Installing: /home/tom/dev_ws/install/turtlesim/include/turtlesim/msg/detail/color__rosidl_typesupport_introspection_c.h
[10.112s] -- Installing: /home/tom/dev_ws/install/turtlesim/include/turtlesim/msg/detail/color__type_support.c
[10.112s] -- Installing: /home/tom/dev_ws/install/turtlesim/include/turtlesim/msg/detail/pose__rosidl_typesupport_introspection_c.h
[10.112s] -- Installing: /home/tom/dev_ws/install/turtlesim/include/turtlesim/msg/rosidl_typesupport_introspection_c__visibility_control.h
[10.112s] -- Up-to-date: /home/tom/dev_ws/install/turtlesim/include/turtlesim/action
[10.112s] -- Up-to-date: /home/tom/dev_ws/install/turtlesim/include/turtlesim/action/detail
[10.112s] -- Installing: /home/tom/dev_ws/install/turtlesim/include/turtlesim/action/detail/rotate_absolute__type_support.c
[10.112s] -- Installing: /home/tom/dev_ws/install/turtlesim/include/turtlesim/action/detail/rotate_absolute__rosidl_typesupport_introspection_c.h
[10.112s] -- Installing: /home/tom/dev_ws/install/turtlesim/lib/libturtlesim__rosidl_typesupport_introspection_c.so
[10.112s] -- Set runtime path of "/home/tom/dev_ws/install/turtlesim/lib/libturtlesim__rosidl_typesupport_introspection_c.so" to ""
[10.112s] -- Installing: /home/tom/dev_ws/install/turtlesim/lib/libturtlesim__rosidl_typesupport_c.so
[10.112s] -- Set runtime path of "/home/tom/dev_ws/install/turtlesim/lib/libturtlesim__rosidl_typesupport_c.so" to ""
[10.112s] -- Up-to-date: /home/tom/dev_ws/install/turtlesim/include/turtlesim
[10.112s] -- Up-to-date: /home/tom/dev_ws/install/turtlesim/include/turtlesim/srv
[10.112s] -- Installing: /home/tom/dev_ws/install/turtlesim/include/turtlesim/srv/spawn.hpp
[10.113s] -- Up-to-date: /home/tom/dev_ws/install/turtlesim/include/turtlesim/srv/detail
[10.113s] -- Installing: /home/tom/dev_ws/install/turtlesim/include/turtlesim/srv/detail/teleport_absolute__builder.hpp
[10.113s] -- Installing: /home/tom/dev_ws/install/turtlesim/include/turtlesim/srv/detail/teleport_relative__traits.hpp
[10.113s] -- Installing: /home/tom/dev_ws/install/turtlesim/include/turtlesim/srv/detail/set_pen__traits.hpp
[10.113s] -- Installing: /home/tom/dev_ws/install/turtlesim/include/turtlesim/srv/detail/teleport_absolute__traits.hpp
[10.113s] -- Installing: /home/tom/dev_ws/install/turtlesim/include/turtlesim/srv/detail/teleport_relative__builder.hpp
[10.113s] -- Installing: /home/tom/dev_ws/install/turtlesim/include/turtlesim/srv/detail/kill__traits.hpp
[10.113s] -- Installing: /home/tom/dev_ws/install/turtlesim/include/turtlesim/srv/detail/set_pen__builder.hpp
[10.113s] -- Installing: /home/tom/dev_ws/install/turtlesim/include/turtlesim/srv/detail/spawn__traits.hpp
[10.113s] -- Installing: /home/tom/dev_ws/install/turtlesim/include/turtlesim/srv/detail/set_pen__struct.hpp
[10.113s] -- Installing: /home/tom/dev_ws/install/turtlesim/include/turtlesim/srv/detail/spawn__struct.hpp
[10.113s] -- Installing: /home/tom/dev_ws/install/turtlesim/include/turtlesim/srv/detail/kill__struct.hpp
[10.113s] -- Installing: /home/tom/dev_ws/install/turtlesim/include/turtlesim/srv/detail/spawn__builder.hpp
[10.113s] -- Installing: /home/tom/dev_ws/install/turtlesim/include/turtlesim/srv/detail/teleport_relative__struct.hpp
[10.113s] -- Installing: /home/tom/dev_ws/install/turtlesim/include/turtlesim/srv/detail/teleport_absolute__struct.hpp
[10.114s] -- Installing: /home/tom/dev_ws/install/turtlesim/include/turtlesim/srv/detail/kill__builder.hpp
[10.114s] -- Installing: /home/tom/dev_ws/install/turtlesim/include/turtlesim/srv/kill.hpp
[10.114s] -- Installing: /home/tom/dev_ws/install/turtlesim/include/turtlesim/srv/teleport_relative.hpp
[10.114s] -- Installing: /home/tom/dev_ws/install/turtlesim/include/turtlesim/srv/set_pen.hpp
[10.114s] -- Installing: /home/tom/dev_ws/install/turtlesim/include/turtlesim/srv/teleport_absolute.hpp
[10.114s] -- Up-to-date: /home/tom/dev_ws/install/turtlesim/include/turtlesim/msg
[10.114s] -- Up-to-date: /home/tom/dev_ws/install/turtlesim/include/turtlesim/msg/detail
[10.114s] -- Installing: /home/tom/dev_ws/install/turtlesim/include/turtlesim/msg/detail/color__traits.hpp
[10.114s] -- Installing: /home/tom/dev_ws/install/turtlesim/include/turtlesim/msg/detail/pose__traits.hpp
[10.114s] -- Installing: /home/tom/dev_ws/install/turtlesim/include/turtlesim/msg/detail/pose__builder.hpp
[10.114s] -- Installing: /home/tom/dev_ws/install/turtlesim/include/turtlesim/msg/detail/color__builder.hpp
[10.114s] -- Installing: /home/tom/dev_ws/install/turtlesim/include/turtlesim/msg/detail/color__struct.hpp
[10.114s] -- Installing: /home/tom/dev_ws/install/turtlesim/include/turtlesim/msg/detail/pose__struct.hpp
[10.114s] -- Installing: /home/tom/dev_ws/install/turtlesim/include/turtlesim/msg/pose.hpp
[10.114s] -- Installing: /home/tom/dev_ws/install/turtlesim/include/turtlesim/msg/color.hpp
[10.114s] -- Up-to-date: /home/tom/dev_ws/install/turtlesim/include/turtlesim/action
[10.114s] -- Up-to-date: /home/tom/dev_ws/install/turtlesim/include/turtlesim/action/detail
[10.114s] -- Installing: /home/tom/dev_ws/install/turtlesim/include/turtlesim/action/detail/rotate_absolute__traits.hpp
[10.115s] -- Installing: /home/tom/dev_ws/install/turtlesim/include/turtlesim/action/detail/rotate_absolute__builder.hpp
[10.115s] -- Installing: /home/tom/dev_ws/install/turtlesim/include/turtlesim/action/detail/rotate_absolute__struct.hpp
[10.115s] -- Installing: /home/tom/dev_ws/install/turtlesim/include/turtlesim/action/rotate_absolute.hpp
[10.115s] -- Up-to-date: /home/tom/dev_ws/install/turtlesim/include/turtlesim
[10.115s] -- Up-to-date: /home/tom/dev_ws/install/turtlesim/include/turtlesim/srv
[10.115s] -- Up-to-date: /home/tom/dev_ws/install/turtlesim/include/turtlesim/srv/detail
[10.115s] -- Installing: /home/tom/dev_ws/install/turtlesim/include/turtlesim/srv/detail/spawn__type_support.cpp
[10.115s] -- Installing: /home/tom/dev_ws/install/turtlesim/include/turtlesim/srv/detail/teleport_absolute__type_support.cpp
[10.115s] -- Installing: /home/tom/dev_ws/install/turtlesim/include/turtlesim/srv/detail/teleport_absolute__rosidl_typesupport_introspection_cpp.hpp
[10.115s] -- Installing: /home/tom/dev_ws/install/turtlesim/include/turtlesim/srv/detail/set_pen__type_support.cpp
[10.115s] -- Installing: /home/tom/dev_ws/install/turtlesim/include/turtlesim/srv/detail/set_pen__rosidl_typesupport_introspection_cpp.hpp
[10.115s] -- Installing: /home/tom/dev_ws/install/turtlesim/include/turtlesim/srv/detail/teleport_relative__type_support.cpp
[10.115s] -- Installing: /home/tom/dev_ws/install/turtlesim/include/turtlesim/srv/detail/kill__rosidl_typesupport_introspection_cpp.hpp
[10.115s] -- Installing: /home/tom/dev_ws/install/turtlesim/include/turtlesim/srv/detail/kill__type_support.cpp
[10.115s] -- Installing: /home/tom/dev_ws/install/turtlesim/include/turtlesim/srv/detail/spawn__rosidl_typesupport_introspection_cpp.hpp
[10.115s] -- Installing: /home/tom/dev_ws/install/turtlesim/include/turtlesim/srv/detail/teleport_relative__rosidl_typesupport_introspection_cpp.hpp
[10.115s] -- Up-to-date: /home/tom/dev_ws/install/turtlesim/include/turtlesim/msg
[10.115s] -- Up-to-date: /home/tom/dev_ws/install/turtlesim/include/turtlesim/msg/detail
[10.115s] -- Installing: /home/tom/dev_ws/install/turtlesim/include/turtlesim/msg/detail/pose__type_support.cpp
[10.115s] -- Installing: /home/tom/dev_ws/install/turtlesim/include/turtlesim/msg/detail/color__type_support.cpp
[10.116s] -- Installing: /home/tom/dev_ws/install/turtlesim/include/turtlesim/msg/detail/color__rosidl_typesupport_introspection_cpp.hpp
[10.116s] -- Installing: /home/tom/dev_ws/install/turtlesim/include/turtlesim/msg/detail/pose__rosidl_typesupport_introspection_cpp.hpp
[10.116s] -- Up-to-date: /home/tom/dev_ws/install/turtlesim/include/turtlesim/action
[10.116s] -- Up-to-date: /home/tom/dev_ws/install/turtlesim/include/turtlesim/action/detail
[10.116s] -- Installing: /home/tom/dev_ws/install/turtlesim/include/turtlesim/action/detail/rotate_absolute__type_support.cpp
[10.116s] -- Installing: /home/tom/dev_ws/install/turtlesim/include/turtlesim/action/detail/rotate_absolute__rosidl_typesupport_introspection_cpp.hpp
[10.116s] -- Installing: /home/tom/dev_ws/install/turtlesim/lib/libturtlesim__rosidl_typesupport_introspection_cpp.so
[10.116s] -- Set runtime path of "/home/tom/dev_ws/install/turtlesim/lib/libturtlesim__rosidl_typesupport_introspection_cpp.so" to ""
[10.116s] -- Installing: /home/tom/dev_ws/install/turtlesim/lib/libturtlesim__rosidl_typesupport_cpp.so
[10.116s] -- Set runtime path of "/home/tom/dev_ws/install/turtlesim/lib/libturtlesim__rosidl_typesupport_cpp.so" to ""
[10.116s] -- Installing: /home/tom/dev_ws/install/turtlesim/share/turtlesim/environment/pythonpath.sh
[10.116s] -- Installing: /home/tom/dev_ws/install/turtlesim/share/turtlesim/environment/pythonpath.dsv
[10.116s] -- Installing: /home/tom/dev_ws/install/turtlesim/lib/python3.8/site-packages/turtlesim/__init__.py
[10.139s] Compiling '/home/tom/dev_ws/install/turtlesim/lib/python3.8/site-packages/turtlesim/__init__.py'...
[10.141s] -- Installing: /home/tom/dev_ws/install/turtlesim/lib/python3.8/site-packages/turtlesim/action
[10.141s] -- Installing: /home/tom/dev_ws/install/turtlesim/lib/python3.8/site-packages/turtlesim/action/__init__.py
[10.141s] -- Installing: /home/tom/dev_ws/install/turtlesim/lib/python3.8/site-packages/turtlesim/action/_rotate_absolute.py
[10.142s] -- Installing: /home/tom/dev_ws/install/turtlesim/lib/python3.8/site-packages/turtlesim/action/_rotate_absolute_s.c
[10.142s] -- Installing: /home/tom/dev_ws/install/turtlesim/lib/python3.8/site-packages/turtlesim/msg
[10.142s] -- Installing: /home/tom/dev_ws/install/turtlesim/lib/python3.8/site-packages/turtlesim/msg/__init__.py
[10.142s] -- Installing: /home/tom/dev_ws/install/turtlesim/lib/python3.8/site-packages/turtlesim/msg/_pose.py
[10.142s] -- Installing: /home/tom/dev_ws/install/turtlesim/lib/python3.8/site-packages/turtlesim/msg/_pose_s.c
[10.142s] -- Installing: /home/tom/dev_ws/install/turtlesim/lib/python3.8/site-packages/turtlesim/msg/_color_s.c
[10.142s] -- Installing: /home/tom/dev_ws/install/turtlesim/lib/python3.8/site-packages/turtlesim/msg/_color.py
[10.142s] -- Installing: /home/tom/dev_ws/install/turtlesim/lib/python3.8/site-packages/turtlesim/srv
[10.142s] -- Installing: /home/tom/dev_ws/install/turtlesim/lib/python3.8/site-packages/turtlesim/srv/_spawn_s.c
[10.142s] -- Installing: /home/tom/dev_ws/install/turtlesim/lib/python3.8/site-packages/turtlesim/srv/__init__.py
[10.142s] -- Installing: /home/tom/dev_ws/install/turtlesim/lib/python3.8/site-packages/turtlesim/srv/_set_pen_s.c
[10.142s] -- Installing: /home/tom/dev_ws/install/turtlesim/lib/python3.8/site-packages/turtlesim/srv/_teleport_relative.py
[10.142s] -- Installing: /home/tom/dev_ws/install/turtlesim/lib/python3.8/site-packages/turtlesim/srv/_teleport_relative_s.c
[10.142s] -- Installing: /home/tom/dev_ws/install/turtlesim/lib/python3.8/site-packages/turtlesim/srv/_spawn.py
[10.142s] -- Installing: /home/tom/dev_ws/install/turtlesim/lib/python3.8/site-packages/turtlesim/srv/_teleport_absolute.py
[10.142s] -- Installing: /home/tom/dev_ws/install/turtlesim/lib/python3.8/site-packages/turtlesim/srv/_set_pen.py
[10.142s] -- Installing: /home/tom/dev_ws/install/turtlesim/lib/python3.8/site-packages/turtlesim/srv/_teleport_absolute_s.c
[10.143s] -- Installing: /home/tom/dev_ws/install/turtlesim/lib/python3.8/site-packages/turtlesim/srv/_kill.py
[10.143s] -- Installing: /home/tom/dev_ws/install/turtlesim/lib/python3.8/site-packages/turtlesim/srv/_kill_s.c
[10.143s] -- Installing: /home/tom/dev_ws/install/turtlesim/lib/python3.8/site-packages/turtlesim/turtlesim_s__rosidl_typesupport_fastrtps_c.cpython-38-x86_64-linux-gnu.so
[10.143s] -- Set runtime path of "/home/tom/dev_ws/install/turtlesim/lib/python3.8/site-packages/turtlesim/turtlesim_s__rosidl_typesupport_fastrtps_c.cpython-38-x86_64-linux-gnu.so" to ""
[10.143s] -- Installing: /home/tom/dev_ws/install/turtlesim/lib/python3.8/site-packages/turtlesim/turtlesim_s__rosidl_typesupport_introspection_c.cpython-38-x86_64-linux-gnu.so
[10.143s] -- Set runtime path of "/home/tom/dev_ws/install/turtlesim/lib/python3.8/site-packages/turtlesim/turtlesim_s__rosidl_typesupport_introspection_c.cpython-38-x86_64-linux-gnu.so" to ""
[10.143s] -- Installing: /home/tom/dev_ws/install/turtlesim/lib/python3.8/site-packages/turtlesim/turtlesim_s__rosidl_typesupport_c.cpython-38-x86_64-linux-gnu.so
[10.143s] -- Set runtime path of "/home/tom/dev_ws/install/turtlesim/lib/python3.8/site-packages/turtlesim/turtlesim_s__rosidl_typesupport_c.cpython-38-x86_64-linux-gnu.so" to ""
[10.143s] -- Installing: /home/tom/dev_ws/install/turtlesim/lib/libturtlesim__python.so
[10.144s] -- Set runtime path of "/home/tom/dev_ws/install/turtlesim/lib/libturtlesim__python.so" to ""
[10.144s] -- Installing: /home/tom/dev_ws/install/turtlesim/share/turtlesim/action/RotateAbsolute.idl
[10.144s] -- Installing: /home/tom/dev_ws/install/turtlesim/share/turtlesim/msg/Color.idl
[10.144s] -- Installing: /home/tom/dev_ws/install/turtlesim/share/turtlesim/msg/Pose.idl
[10.144s] -- Installing: /home/tom/dev_ws/install/turtlesim/share/turtlesim/srv/Kill.idl
[10.144s] -- Installing: /home/tom/dev_ws/install/turtlesim/share/turtlesim/srv/SetPen.idl
[10.144s] -- Installing: /home/tom/dev_ws/install/turtlesim/share/turtlesim/srv/Spawn.idl
[10.144s] -- Installing: /home/tom/dev_ws/install/turtlesim/share/turtlesim/srv/TeleportAbsolute.idl
[10.144s] -- Installing: /home/tom/dev_ws/install/turtlesim/share/turtlesim/srv/TeleportRelative.idl
[10.144s] -- Installing: /home/tom/dev_ws/install/turtlesim/share/turtlesim/action/RotateAbsolute.action
[10.144s] -- Installing: /home/tom/dev_ws/install/turtlesim/share/turtlesim/msg/Color.msg
[10.145s] -- Installing: /home/tom/dev_ws/install/turtlesim/share/turtlesim/msg/Pose.msg
[10.145s] -- Installing: /home/tom/dev_ws/install/turtlesim/share/turtlesim/srv/Kill.srv
[10.145s] -- Installing: /home/tom/dev_ws/install/turtlesim/share/turtlesim/srv/Kill_Request.msg
[10.145s] -- Installing: /home/tom/dev_ws/install/turtlesim/share/turtlesim/srv/Kill_Response.msg
[10.145s] -- Installing: /home/tom/dev_ws/install/turtlesim/share/turtlesim/srv/SetPen.srv
[10.145s] -- Installing: /home/tom/dev_ws/install/turtlesim/share/turtlesim/srv/SetPen_Request.msg
[10.145s] -- Installing: /home/tom/dev_ws/install/turtlesim/share/turtlesim/srv/SetPen_Response.msg
[10.145s] -- Installing: /home/tom/dev_ws/install/turtlesim/share/turtlesim/srv/Spawn.srv
[10.145s] -- Installing: /home/tom/dev_ws/install/turtlesim/share/turtlesim/srv/Spawn_Request.msg
[10.145s] -- Installing: /home/tom/dev_ws/install/turtlesim/share/turtlesim/srv/Spawn_Response.msg
[10.145s] -- Installing: /home/tom/dev_ws/install/turtlesim/share/turtlesim/srv/TeleportAbsolute.srv
[10.145s] -- Installing: /home/tom/dev_ws/install/turtlesim/share/turtlesim/srv/TeleportAbsolute_Request.msg
[10.145s] -- Installing: /home/tom/dev_ws/install/turtlesim/share/turtlesim/srv/TeleportAbsolute_Response.msg
[10.145s] -- Installing: /home/tom/dev_ws/install/turtlesim/share/turtlesim/srv/TeleportRelative.srv
[10.146s] -- Installing: /home/tom/dev_ws/install/turtlesim/share/turtlesim/srv/TeleportRelative_Request.msg
[10.146s] -- Installing: /home/tom/dev_ws/install/turtlesim/share/turtlesim/srv/TeleportRelative_Response.msg
[10.146s] -- Installing: /home/tom/dev_ws/install/turtlesim/lib/turtlesim/turtlesim_node
[10.148s] -- Set runtime path of "/home/tom/dev_ws/install/turtlesim/lib/turtlesim/turtlesim_node" to ""
[10.148s] -- Installing: /home/tom/dev_ws/install/turtlesim/lib/turtlesim/turtle_teleop_key
[10.149s] -- Set runtime path of "/home/tom/dev_ws/install/turtlesim/lib/turtlesim/turtle_teleop_key" to ""
[10.149s] -- Installing: /home/tom/dev_ws/install/turtlesim/lib/turtlesim/draw_square
[10.150s] -- Set runtime path of "/home/tom/dev_ws/install/turtlesim/lib/turtlesim/draw_square" to ""
[10.150s] -- Installing: /home/tom/dev_ws/install/turtlesim/lib/turtlesim/mimic
[10.151s] -- Set runtime path of "/home/tom/dev_ws/install/turtlesim/lib/turtlesim/mimic" to ""
[10.151s] -- Installing: /home/tom/dev_ws/install/turtlesim/share/turtlesim/images
[10.151s] -- Installing: /home/tom/dev_ws/install/turtlesim/share/turtlesim/images/foxy.png
[10.151s] -- Installing: /home/tom/dev_ws/install/turtlesim/share/turtlesim/images/bouncy.png
[10.151s] -- Installing: /home/tom/dev_ws/install/turtlesim/share/turtlesim/images/dashing.png
[10.151s] -- Installing: /home/tom/dev_ws/install/turtlesim/share/turtlesim/images/eloquent.png
[10.151s] -- Installing: /home/tom/dev_ws/install/turtlesim/share/turtlesim/images/ardent.png
[10.151s] -- Installing: /home/tom/dev_ws/install/turtlesim/share/turtlesim/images/crystal.png
[10.151s] -- Installing: /home/tom/dev_ws/install/turtlesim/share/turtlesim/launch
[10.151s] -- Installing: /home/tom/dev_ws/install/turtlesim/share/turtlesim/launch/multisim.launch.py
[10.151s] -- Installing: /home/tom/dev_ws/install/turtlesim/share/ament_index/resource_index/package_run_dependencies/turtlesim
[10.152s] -- Installing: /home/tom/dev_ws/install/turtlesim/share/ament_index/resource_index/parent_prefix_path/turtlesim
[10.152s] -- Installing: /home/tom/dev_ws/install/turtlesim/share/turtlesim/environment/ament_prefix_path.sh
[10.152s] -- Installing: /home/tom/dev_ws/install/turtlesim/share/turtlesim/environment/ament_prefix_path.dsv
[10.152s] -- Installing: /home/tom/dev_ws/install/turtlesim/share/turtlesim/environment/path.sh
[10.152s] -- Installing: /home/tom/dev_ws/install/turtlesim/share/turtlesim/environment/path.dsv
[10.152s] -- Installing: /home/tom/dev_ws/install/turtlesim/share/turtlesim/local_setup.bash
[10.152s] -- Installing: /home/tom/dev_ws/install/turtlesim/share/turtlesim/local_setup.sh
[10.152s] -- Installing: /home/tom/dev_ws/install/turtlesim/share/turtlesim/local_setup.zsh
[10.152s] -- Installing: /home/tom/dev_ws/install/turtlesim/share/turtlesim/local_setup.dsv
[10.152s] -- Installing: /home/tom/dev_ws/install/turtlesim/share/turtlesim/package.dsv
[10.152s] -- Installing: /home/tom/dev_ws/install/turtlesim/share/ament_index/resource_index/packages/turtlesim
[10.152s] -- Installing: /home/tom/dev_ws/install/turtlesim/share/turtlesim/cmake/turtlesim__rosidl_generator_cExport.cmake
[10.153s] -- Installing: /home/tom/dev_ws/install/turtlesim/share/turtlesim/cmake/turtlesim__rosidl_generator_cExport-noconfig.cmake
[10.153s] -- Installing: /home/tom/dev_ws/install/turtlesim/share/turtlesim/cmake/turtlesim__rosidl_typesupport_introspection_cExport.cmake
[10.153s] -- Installing: /home/tom/dev_ws/install/turtlesim/share/turtlesim/cmake/turtlesim__rosidl_typesupport_introspection_cExport-noconfig.cmake
[10.153s] -- Installing: /home/tom/dev_ws/install/turtlesim/share/turtlesim/cmake/turtlesim__rosidl_typesupport_cExport.cmake
[10.153s] -- Installing: /home/tom/dev_ws/install/turtlesim/share/turtlesim/cmake/turtlesim__rosidl_typesupport_cExport-noconfig.cmake
[10.153s] -- Installing: /home/tom/dev_ws/install/turtlesim/share/turtlesim/cmake/turtlesim__rosidl_generator_cppExport.cmake
[10.153s] -- Installing: /home/tom/dev_ws/install/turtlesim/share/turtlesim/cmake/turtlesim__rosidl_typesupport_introspection_cppExport.cmake
[10.153s] -- Installing: /home/tom/dev_ws/install/turtlesim/share/turtlesim/cmake/turtlesim__rosidl_typesupport_introspection_cppExport-noconfig.cmake
[10.153s] -- Installing: /home/tom/dev_ws/install/turtlesim/share/turtlesim/cmake/turtlesim__rosidl_typesupport_cppExport.cmake
[10.153s] -- Installing: /home/tom/dev_ws/install/turtlesim/share/turtlesim/cmake/turtlesim__rosidl_typesupport_cppExport-noconfig.cmake
[10.153s] -- Installing: /home/tom/dev_ws/install/turtlesim/share/turtlesim/cmake/rosidl_cmake-extras.cmake
[10.154s] -- Installing: /home/tom/dev_ws/install/turtlesim/share/turtlesim/cmake/ament_cmake_export_dependencies-extras.cmake
[10.154s] -- Installing: /home/tom/dev_ws/install/turtlesim/share/turtlesim/cmake/ament_cmake_export_libraries-extras.cmake
[10.154s] -- Installing: /home/tom/dev_ws/install/turtlesim/share/turtlesim/cmake/ament_cmake_export_targets-extras.cmake
[10.154s] -- Installing: /home/tom/dev_ws/install/turtlesim/share/turtlesim/cmake/ament_cmake_export_include_directories-extras.cmake
[10.154s] -- Installing: /home/tom/dev_ws/install/turtlesim/share/turtlesim/cmake/rosidl_cmake_export_typesupport_libraries-extras.cmake
[10.154s] -- Installing: /home/tom/dev_ws/install/turtlesim/share/turtlesim/cmake/rosidl_cmake_export_typesupport_targets-extras.cmake
[10.154s] -- Installing: /home/tom/dev_ws/install/turtlesim/share/turtlesim/cmake/turtlesimConfig.cmake
[10.154s] -- Installing: /home/tom/dev_ws/install/turtlesim/share/turtlesim/cmake/turtlesimConfig-version.cmake
[10.154s] -- Installing: /home/tom/dev_ws/install/turtlesim/share/turtlesim/package.xml
[10.156s] Invoked command in '/home/tom/dev_ws/build/turtlesim' returned '0': CMAKE_PREFIX_PATH=/opt/ros/foxy /usr/bin/cmake --install /home/tom/dev_ws/build/turtlesim
